make.exe all --print-data-base --no-builtin-variables --no-builtin-rules --question
# GNU Make 3.81
# Copyright (C) 2006  Free Software Foundation, Inc.
# This is free software; see the source for copying conditions.
# There is NO warranty; not even for MERCHANTABILITY or FITNESS FOR A
# PARTICULAR PURPOSE.

# This program built for i386-pc-mingw32
 

# Make data base, printed on Sun Mar 12 15:21:32 2023

# Variables

# automatic
<D = $(patsubst %/,%,$(dir $<))
# automatic
?F = $(notdir $?)
# makefile
MAKEFLAGS = Rrqp
# automatic
?D = $(patsubst %/,%,$(dir $?))
# automatic
@D = $(patsubst %/,%,$(dir $@))
# environment
HOMEDRIVE = C:
# automatic
@F = $(notdir $@)
# automatic
^D = $(patsubst %/,%,$(dir $^))
# makefile
CURDIR := c:/01_Work/01_Programming/microservice-golang
# default
SHELL := sh.exe
# environment
WINDIR = C:\WINDOWS
# environment
VSCODE_NLS_CONFIG = {"locale":"en-us","availableLanguages":{},"_languagePackSupport":true}
# environment
VBOX_MSI_INSTALL_PATH = C:\Program Files\Oracle\VirtualBox\
# environment
ONEDRIVE = C:\Users\huava\OneDrive
# environment
PATHEXT = .COM;.EXE;.BAT;.CMD;.VBS;.VBE;.JS;.JSE;.WSF;.WSH;.MSC
# makefile
MAKEFILE_LIST := 
# environment
FPS_BROWSER_USER_PROFILE_STRING = Default
# environment
TMP = C:\Users\huava\AppData\Local\Temp
# environment
VSCODE_AMD_ENTRYPOINT = vs/workbench/api/node/extensionHostProcess
# environment
PROGRAMW6432 = C:\Program Files
# environment
PROGRAMDATA = C:\ProgramData
# environment
VSCODE_CWD = C:\Users\huava\AppData\Local\Programs\MicrosoftVSCode
# environment
GOPROXY = https://proxy.golang.org,direct
# environment
PATH = C:\Program Files (x86)\VMware\VMware Workstation\bin\;C:\MinGW\mingw64\bin;C:\Go\bin;C:\protoc-21.2-win64\bin;C:\minikube;C:\Kubernetes;C:\Program Files (x86)\GnuWin32\bin;C:\Users\huava\AppData\Local\Programs\Python\Python310\Scripts;C:\Users\huava\AppData\Local\Programs\Python\Python310;C:\Program Files (x86)\Common Files\Oracle\Java\javapath;C:\WINDOWS\system32;C:\WINDOWS;C:\WINDOWS\System32\Wbem;C:\WINDOWS\System32\WindowsPowerShell\v1.0\;C:\WINDOWS\System32\OpenSSH\;C:\Program Files\Intel\WiFi\bin\;C:\Program Files\Common Files\Intel\WirelessCommon\;C:\Program Files\dotnet\;C:\Program Files\Microsoft SQL Server\Client SDK\ODBC\170\Tools\Binn\;C:\Program Files (x86)\Microsoft SQL Server\150\Tools\Binn\;C:\Program Files\Microsoft SQL Server\150\Tools\Binn\;C:\Program Files\Microsoft SQL Server\150\DTS\Binn\;C:\Program Files (x86)\Microsoft SQL Server\150\DTS\Binn\;C:\Program Files\Azure Data Studio\bin;C:\Program Files\Graphviz\bin;C:\Program Files\Java\jre1.8.0_281\bin;C:\Program Files\Perforce\;C:\Program Files\nodejs\;C:\Program Files\Microsoft SQL Server\130\Tools\Binn\;C:\Program Files\Docker\Docker\resources\bin;C:\ProgramData\DockerDesktop\version-bin;C:\Program Files\Cloudflare\Cloudflare WARP\;C:\Program Files\TortoiseGit\bin;C:\go\bin;C:\MinGW\bin;C:\protoc-21.2-win64\bin;C:\Program Files\CMake\bin;C:\Users\huava\AppData\Local\Programs\Python\Python310\Scripts;C:\Users\huava\AppData\Local\Programs\Python\Python310;C:\Users\huava\AppData\Local\Microsoft\WindowsApps;C:\Users\huava\AppData\Local\Programs\Git\cmd;C:\Users\huava\AppData\Local\Programs\MicrosoftVSCode\bin;C:\Users\huava\AppData\Roaming\npm;C:\Users\huava\AppData\Local\Programs\mongosh;C:\Users\huava\.dotnet\tools
# environment
COMMONPROGRAMW6432 = C:\Program Files\Common Files
# environment
ZES_ENABLE_SYSM 
AN = 1
# environment
PROCESSOR_ARCHITECTURE = x86
# environment
USERPROFILE = C:\Users\huava
# environment
ALLUSERSPROFILE = C:\ProgramData
# environment
GOPATH = C:\go\bin;
# environment
NUMBER_OF_PROCESSORS = 8
# environment
ELECTRON_RUN_AS_NODE = 1
# default
.FEATURES := target-specific order-only second-expansion else-if archives
# automatic
%F = $(notdir $%)
# environment
CHROME_CRASHPAD_PIPE_NAME = \\.\pipe\LOCAL\crashpad_10740_MVWLKFXDIQZAJPVV
# environment
COMPUTERNAME = DESKTOP-UT5ISFC
# environment
PROGRAMFILES = C:\Program Files (x86)
# environment
DRIVERDATA = C:\Windows\System32\Drivers\DriverData
# environment
ORIGINAL_XDG_CURRENT_DESKTOP = undefined
# environment
USERNAME = huava
# environment
PUBLIC = C:\Users\Public
# environment
GOMODCACHE = C:\go\bin\pkg\mod
# environment
VSCODE_CODE_CACHE_PATH = C:\Users\huava\AppData\Roaming\Code\CachedData\e2816fe719a4026ffa1ee0189dc89bdfdbafb164
# environment
APPLICATION_INSIGHTS_NO_DIAGNOSTIC_CHANNEL = 1
# environment
COMMONPROGRAMFILES = C:\Program Fi 
les (x86)\Common Files
# environment
LOGONSERVER = \\DESKTOP-UT5ISFC
# environment
ONEDRIVECONSUMER = C:\Users\huava\OneDrive
# environment
VSCODE_HANDLES_UNCAUGHT_ERRORS = true
# environment
USERDOMAIN = DESKTOP-UT5ISFC
# default
MAKE = $(MAKE_COMMAND)
# default
MAKECMDGOALS := all
# default
MAKE_VERSION := 3.81
# makefile
.DEFAULT_GOAL := 
# environment
GOROOT = c:\go
# environment
CLASSPATH = C:\Program Files\Java\jre1.8.0_281
# environment
PROGRAMFILES(X86) = C:\Program Files (x86)
# automatic
%D = $(patsubst %/,%,$(dir $%))
# environment
LOCALAPPDATA = C:\Users\huava\AppData\Local
# environment
PSMODULEPATH = C:\Program Files\WindowsPowerShell\Modules;C:\WINDOWS\system32\WindowsPowerShell\v1.0\Modules;C:\Program Files (x86)\Microsoft SQL Server\150\Tools\PowerShell\Modules\
# default
MAKE_COMMAND := make.exe
# environment
PROCESSOR_ARCHITEW6432 = AMD64
# default
.VARIABLES := 
# automatic
*F = $(notdir $*)
# environment
PROCESSOR_IDENTIFIER = Intel64 Family 6 Model 142 Stepping 10, GenuineIntel
# environment
OS = Windows_NT
# environment
VSCODE_IPC_HOOK = \\.\pipe\45c6c09dadb7d30b4f725e7e3692a073-1.75.0-main-sock
# environment
HOMEPATH = \Users\huava
# environment
COMMONPROGRAMFILES(X86) = C:\Program Files (x86)\Common Files
# environment
PROMPT = $P$G
# environment
MFLAGS = -Rrqp
# automatic
*D = $(patsubst %/,%,$(dir $*))
# environment
SYSTEMROOT = C:\WINDOWS
# automatic
+D = $(patsubst %/,%,$(dir $+))
# automatic
+F = $(notdir $+)
# environment
APPDATA = C:\Users\huava\AppData\Roaming
# environment
TEMP 
 = C:\Users\huava\AppData\Local\Temp
# environment
COMSPEC = C:\WINDOWS\system32\cmd.exe
# default
MAKEFILES := 
# automatic
<F = $(notdir $<)
# environment
LC_ALL = C
# automatic
^F = $(notdir $^)
# default
SUFFIXES := 
# environment
SYSTEMDRIVE = C:
# environment
SESSIONNAME = Console
# environment
PROCESSOR_REVISION = 8e0a
# environment
MAKELEVEL := 0
# environment
LANG = C
# environment
PROCESSOR_LEVEL = 6
# environment
FPS_BROWSER_APP_PROFILE_STRING = Internet Explorer
# environment
VSCODE_PID = 10740
 
# environment
USERDOMAIN_ROAMINGPROFILE = DESKTOP-UT5ISFC
# variable set hash-table stats:
# Load=91/1024=9%, Rehash=0, Collisions=10/108=9%

# Pattern-specific Variable Values

# No pattern-specific variable values.

# Directories

# C:\Program Files\Docker\Docker\resources\bin (key C:/Program Files/Docker/Docker/resources/bin, mtime 1659248957): 13 files, no impossibilities.
# C:\Program Files (x86)\Microsoft SQL Server\150\DTS\Binn\ (key C:/Program Files (x86)/Microsoft SQL Server/150/DTS/Binn/, mtime 1616413525): 4 files, no impossibilities.
# C:\Program Files\Microsoft SQL Server\150\Tools\Binn\ (key C:/Program Files/Microsoft SQL Server/150/Tools/Binn/, mtime 1616413533): 13 files, no impossibilities.
# C:\WINDOWS\System32\WindowsPowerShell\v1.0\ (key C:/WINDOWS/System32/WindowsPowerShell/v1.0/, mtime 1615443634): 30 files, no impossibilities.
# C:\Users\huava\AppData\Local\Programs\Python\Python310\Scripts (key C:/Users/huava/AppData/Local/Programs/Python/Python310/Scripts, mtime 1663941046): 9 files, no impossibilities.
# C:\WINDOWS\System32\Wbem (key C:/WINDOWS/System32/Wbem, mtime 1676642136): 169 files, no impossibilities.
# . (key c:/01_Work/01_Programming/microservice-golang, mtime 1675948753): 18 files, no impossibilities.
# C:\Kubernetes (key C:/Kubernetes, mtime 1668222461): 4 files, no impossibilities.
# C:\Users\huava\AppData\Roaming\npm (key C:/Users/huava/AppData/Roaming/npm, mtime 1650173385): 9 files, no impossibilities.
# C:\Users\huava\.dotnet\tools: could not be stat'd.
# C:\Program Files\nodejs\ (key C:/Program Files/nodejs/, mtime 1650173357): 13 files, no impossibilities.
# C:\Program Files\dotnet\ (key C:/Program Files/dotnet/, mtime 1587138000): 10 files, no impossibilities.
# C:\MinGW\bin: could not be stat'd.
# C:\Program Files\TortoiseGit\bin (key C:/Program Files/TortoiseGit/bin, mtime 1677920254): 99 files, no impossibilities.
# C:\Users\huava\AppData\Local\Programs\Git\cmd (key C:/Users/huava/AppData/Local/Programs/Git/cmd, mtime 1620663454): 8 files, no impossibilities.
# C:\Program Files (x86)\GnuWin32\bin (key C:/Program Files (x86)/GnuWin32/bin, mtime 1646323232): 5 files, no impossibilities.
# C:\Program Files (x86)\VMware\VMware Workstation\bin\ (key C:/Program Files (x86)/VMware/VMware Workstation/bin/, mtime 1673964084): 4 files, no impossibilities.
# C:\WINDOWS\System32\OpenSSH\: could not be stat'd.
# C:\Program Files (x86)\Common Files\Oracle\Java\javapath (key C:/Program Files (x86)/Common Files/Oracle/Java/javapath, mtime 1614271374): 5 files, no impossibilities.
# C:\Program Files\Microsoft SQL Server\130\Tools\Binn\ (key C:/Program Files/Microsoft SQL Server/130/Tools/Binn/, mtime 1651400883): 4 files, no impossibilities.
# C:\WINDOWS (key C:/WINDOWS, mtime 1647572041): 120 files, no impossibilities.
# C:\protoc-21.2-win64\bin (key C:/protoc-21.2-win64/bin, mtime 1658240096): 4 files, no impossibilities.
# C:\Program Files (x86)\Microsoft SQL Server\150\Tools\Binn\ (key C:/Program Files (x86)/Microsoft SQL Server/150/Tools/Binn/, mtime 1616413533): 11 files, no impossibilities.
# C:\Program Files\Microsoft SQL Server\Client SDK\ODBC\170\Tools\Binn\ (key C:/Program Files/Microsoft SQL Server/Client SDK/ODBC/170/Tools/Binn/, mtime 1651400886): 7 files, no impossibilities.
# C:\Program Files\Intel\WiFi\bin\ (key C:/Program Files/Intel/WiFi/bin/, mtime 1579341378): 30 files, no impossibilities.
# C:\Users\huava\AppData\Local\Microsoft\WindowsApps (key C:/Users/huava/AppData/Local/Microsoft/WindowsApps, mtime 1678504546): 16 files, no impossibilities.
# C:\Program Files\Common Files\Intel\WirelessCommon\ (key C:/Program Files/Common Files/Intel/WirelessCommon/, mtime 1579341377): 6 files, no impossibilities.
# C:\Program Files\Azure Data Studio\bin (key C:/Program Files/Azure Data Studio/bin, mtime 1616429054): 4 files, no impossibilities.
# C:\Program Files\Microsoft SQL Server\150\DTS\Binn\ (key C:/Program Files/Microsoft SQL Server/150/DTS/Binn/, mtime 1616413547): 46 files, no impossibilities.
# C:\Program Files\Cloudflare\Cloudflare WARP\ (key C:/Program Files/Cloudflare 
make.exe: *** No rule to make target `all'.  Stop.

/Cloudflare WARP/, mtime 1665585891): 11 files, no impossibilities.
# C:\Program Files\Perforce\ (key C:/Program Files/Perforce/, mtime 1635426736): 38 files, no impossibilities.
# C:\Users\huava\AppData\Local\Programs\mongosh (key C:/Users/huava/AppData/Local/Programs/mongosh, mtime 1655038143): 8 files, no impossibilities.
# C:\ProgramData\DockerDesktop\version-bin: could not be stat'd.
# C:\Users\huava\AppData\Local\Programs\MicrosoftVSCode\bin (key C:/Users/huava/AppData/Local/Programs/MicrosoftVSCode/bin, mtime 1675948777): 5 files, no impossibilities.
# C:\WINDOWS\system32 (key C:/WINDOWS/system32, mtime 1678381731): 3121 files, no impossibilities.
# C:\minikube (key C:/minikube, mtime 1668222924): 3 files, no impossibilities.
# C:\Program Files\Java\jre1.8.0_281\bin (key C:/Program Files/Java/jre1.8.0_281/bin, mtime 1614271372): 129 files, no impossibilities.
# C:\Users\huava\AppData\Local\Programs\Python\Python310 (key C:/Users/huava/AppData/Local/Programs/Python/Python310, mtime 1646228451): 18 files, no impossibilities.
# C:\Go\bin (key C:/Go/bin, mtime 1658242557): 18 files, no impossibilities.
# C:\Program Files\CMake\bin (key C:/Program Files/CMake/bin, mtime 1617376306): 7 files, no impossibilities.
# C:\Program Files\Graphviz\bin (key C:/Program Files/Graphviz/bin, mtime 1617265494): 58 files, no impossibilities.
# C:\MinGW\mingw64\bin (key C:/MinGW/mingw64/bin, mtime 1526160538): 58 files, no impossibilities.

# 4135 files, no impossibilities in 42 directories.

# Implicit Rules

# No implicit rules.

# Files

# Not a target:
all:
#  Command-line target.
#  Implicit rule search has been done.
#  File does not exist.
#  File has not been updated.
# variable set hash-table stats:
# Load=0/32=0%, Rehash=0, Collisions=0/0=0%

# Not a target:
.DEFAULT:
#  Implicit rule search has not been done.
#  Modification time never checked.
#  File has not been updated.

# Not a target:
makefile:
#  A default, MAKEFILES, or -include/sinclude makefile.
#  Implicit rule search has been done.
#  File does not exist.
#  File has been updated.
#  Failed to be updated.
# variable set hash-table stats:
# Load=0/32=0%, Rehash=0, Collisions=0/0=0%

# Not a target:
.SUFFIXES:
#  Implicit rule search has not been done.
#  Modification time never checked.
#  File has not been updated.

# Not a target:
GNUmakefile:
#  A default, MAKEFILES, or -include/sinclude makefile.
#  Implicit rule search has been done.
#  File does not exist.
#  File has been updated.
#  Failed to be updated.
# variable set hash-table stats:
# Load=0/32=0%, Rehash=0, Collisions=0/0=0%

# files hash-table stats:
# Load=5/1024=0%, Rehash=0, Collisions=0/16=0%
# VPATH Search Paths

# No `vpath' search paths.

# No general (`VPATH' variable) search path.

# # of strings in strcache: 0
# # of strcache buffers: 0
# strcache size: total = 0 / max = 0 / min = 4096 / avg = 0
# strcache free: total = 0 / max = 0 / min = 4096 / avg = 0

# Finished Make data base on Sun Mar 12 15:21:32 2023

 
